{
  message: 'Usuário Admin Master fez acesso ao sistema. No IP: 127.0.0.1',
  level: 'info',
  timestamp: '2023-11-01 16:33:24'
}
{
  message: 'Usuário solicitou uma lista de todas as solicitações.',
  level: 'info',
  timestamp: '2023-11-01 16:33:32'
}
{
  message: 'Usuário solicitou uma lista de todas as solicitações.',
  level: 'info',
  timestamp: '2023-11-01 16:34:02'
}
{
  message: 'Usuário solicitou informações de uma solicitação no id: 14',
  level: 'info',
  timestamp: '2023-11-03 15:33:46'
}
{
  message: 'Usuário solicitou informações de uma solicitação no id: 14',
  level: 'info',
  timestamp: '2023-11-03 15:33:48'
}
{
  message: 'Usuário solicitou informações de uma solicitação no id: 14',
  level: 'info',
  timestamp: '2023-11-03 15:34:19'
}
{
  message: 'Ocorreu um erro ao fazer o upload do arquivo. - PrismaClientValidationError: \n' +
    'Invalid `prisma.systemLog.create()` invocation in\n' +
    'C:\\Users\\andre\\OneDrive\\Documentos\\projetos\\MONTREAL\\solicitacao-documentos-api\\src\\services\\serviceLog\\index.ts:8:44\n' +
    '\n' +
    '  5 //This function creates a new system log.\n' +
    '  6 createdLog: async(data: SystemLog) => {\n' +
    '  7     // Create a new system log with the provided data\n' +
    '→ 8     const log = await prisma.systemLog.create({\n' +
    '          data: {\n' +
    '            level: "info",\n' +
    '            operator_register: undefined,\n' +
    '            ip: "177.52.214.50",\n' +
    '            message: "Operador fez o upload do arquivo kaliLinux.pdf",\n' +
    '            created_at: new Date("2023-11-03T18:34:19.977Z"),\n' +
    '        +   operator: String\n' +
    '          }\n' +
    '        })\n' +
    '\n' +
    'Argument `operator` is missing.',
  level: 'error',
  timestamp: '2023-11-03 15:34:19'
}
{
  message: 'Ocorreu algum erro com o banco de dados.',
  level: 'error',
  timestamp: '2023-11-06 16:49:09'
}
{
  message: 'Usuário solicitou informações de uma solicitação no id: 14',
  level: 'info',
  timestamp: '2023-11-07 10:00:21'
}
{
  message: 'Usuário solicitou informações de uma solicitação no id: 14',
  level: 'info',
  timestamp: '2023-11-07 10:00:37'
}
{
  message: 'Usuário solicitou informações de uma solicitação no id: 15',
  level: 'info',
  timestamp: '2023-11-07 10:11:16'
}
{
  message: 'Usuário solicitou informações de uma solicitação no id: 15',
  level: 'info',
  timestamp: '2023-11-07 10:11:18'
}
{
  message: 'Usuário solicitou informações de uma solicitação no id: 15',
  level: 'info',
  timestamp: '2023-11-07 10:11:58'
}
{
  message: 'Usuário solicitou informações de uma solicitação no id: 16',
  level: 'info',
  timestamp: '2023-11-07 10:12:25'
}
{
  message: 'Usuário solicitou informações de uma solicitação no id: 16',
  level: 'info',
  timestamp: '2023-11-07 10:12:26'
}
{
  message: 'Usuário solicitou informações de uma solicitação no id: 16',
  level: 'info',
  timestamp: '2023-11-07 10:12:48'
}
{
  message: 'Usuário solicitou informações de uma solicitação no id: 16',
  level: 'info',
  timestamp: '2023-11-07 10:13:32'
}
{
  message: 'Usuário solicitou informações de uma solicitação no id: 16',
  level: 'info',
  timestamp: '2023-11-07 10:13:38'
}
{
  message: 'Usuário solicitou informações de uma solicitação no id: 16',
  level: 'info',
  timestamp: '2023-11-07 10:13:42'
}
{
  message: 'Usuário solicitou informações de uma solicitação no id: 17',
  level: 'info',
  timestamp: '2023-11-07 10:13:47'
}
{
  message: 'Usuário solicitou informações de uma solicitação no id: 17',
  level: 'info',
  timestamp: '2023-11-07 10:13:47'
}
{
  message: 'Usuário solicitou informações de uma solicitação no id: 17',
  level: 'info',
  timestamp: '2023-11-07 10:13:56'
}
{
  message: 'Usuário solicitou informações de uma solicitação no id: 17',
  level: 'info',
  timestamp: '2023-11-07 10:14:31'
}
{
  message: 'Usuário solicitou informações de uma solicitação no id: 17',
  level: 'info',
  timestamp: '2023-11-07 10:15:08'
}
{
  message: 'Usuário solicitou informações de uma solicitação no id: 15',
  level: 'info',
  timestamp: '2023-11-07 10:15:25'
}
{
  message: 'Usuário solicitou informações de uma solicitação no id: 15',
  level: 'info',
  timestamp: '2023-11-07 10:17:19'
}
{
  message: 'Usuário solicitou informações de uma solicitação no id: 15',
  level: 'info',
  timestamp: '2023-11-07 10:17:20'
}
{
  message: 'Usuário solicitou informações de uma solicitação no id: 15',
  level: 'info',
  timestamp: '2023-11-07 10:43:10'
}
{
  message: 'Usuário solicitou informações de uma solicitação no id: 15',
  level: 'info',
  timestamp: '2023-11-07 11:18:57'
}
{
  message: 'Usuário solicitou informações de uma solicitação no id: 15',
  level: 'info',
  timestamp: '2023-11-07 11:51:31'
}
{
  message: 'Usuário solicitou informações de uma solicitação no id: 15',
  level: 'info',
  timestamp: '2023-11-07 11:51:44'
}
{
  message: 'Usuário solicitou informações de uma solicitação no id: 15',
  level: 'info',
  timestamp: '2023-11-07 11:51:44'
}
{
  message: 'Usuário solicitou informações de uma solicitação no id: 15',
  level: 'info',
  timestamp: '2023-11-07 11:52:45'
}
{
  message: 'Usuário solicitou informações de uma solicitação no id: 18',
  level: 'info',
  timestamp: '2023-11-07 11:53:19'
}
{
  message: 'Usuário solicitou informações de uma solicitação no id: 18',
  level: 'info',
  timestamp: '2023-11-07 11:53:20'
}
{
  message: 'Usuário solicitou informações de uma solicitação no id: 18',
  level: 'info',
  timestamp: '2023-11-07 11:53:28'
}
